<?xml version="1.0" encoding="UTF-8"?>
<!-- Generated by org.testng.reporters.JUnitReportReporter -->
<testsuite skipped="0" hostname="Biancas-MacBook-Air.local" name="BIanca.alertsbutton" tests="1" failures="0" timestamp="2021-04-28T22:15:43 EDT" time="9.612" errors="0">
  <testcase name="test" time="9.612" classname="BIanca.alertsbutton"/>
  <system-out/>
</testsuite> <!-- BIanca.alertsbutton -->
