<?xml version="1.0" encoding="UTF-8"?>
<!-- Generated by org.testng.reporters.JUnitReportReporter -->
<testsuite skipped="0" hostname="Biancas-MacBook-Air.local" name="BIanca.newWindow" tests="1" failures="0" timestamp="2021-05-03T18:54:15 EDT" time="7.827" errors="0">
  <testcase name="test" time="7.827" classname="BIanca.newWindow"/>
  <system-out/>
</testsuite> <!-- BIanca.newWindow -->
