<?xml version="1.0" encoding="UTF-8"?>
<!-- Generated by org.testng.reporters.JUnitReportReporter -->
<testsuite skipped="0" hostname="Biancas-MacBook-Air.local" name="BIanca.newWindow" tests="1" failures="0" timestamp="2021-04-29T21:42:23 EDT" time="8.823" errors="0">
  <testcase name="test" time="8.823" classname="BIanca.newWindow"/>
  <system-out/>
</testsuite> <!-- BIanca.newWindow -->
