<?xml version="1.0" encoding="UTF-8"?>
<!-- Generated by org.testng.reporters.JUnitReportReporter -->
<testsuite skipped="0" hostname="Biancas-MacBook-Air.local" name="BIanca.phptravels_Homework" tests="1" failures="0" timestamp="2021-05-03T20:17:18 EDT" time="14.047" errors="0">
  <testcase name="test" time="14.047" classname="BIanca.phptravels_Homework"/>
  <system-out/>
</testsuite> <!-- BIanca.phptravels_Homework -->
