<?xml version="1.0" encoding="UTF-8"?>
<!-- Generated by org.testng.reporters.JUnitReportReporter -->
<testsuite skipped="0" hostname="Biancas-MacBook-Air.local" name="BIanca.volunteerSignUp" tests="1" failures="0" timestamp="2021-04-27T22:31:55 EDT" time="12.204" errors="0">
  <testcase name="test" time="12.204" classname="BIanca.volunteerSignUp"/>
  <system-out/>
</testsuite> <!-- BIanca.volunteerSignUp -->
